<?xml version="1.0" encoding="UTF-8"?>
<testsuite xmlns:xsi="http://www.w3.org/2001/XMLSchema-instance" xsi:noNamespaceSchemaLocation="https://maven.apache.org/surefire/maven-surefire-plugin/xsd/surefire-test-report.xsd" name="hu.bme.mit.spaceship.GT4500Test" time="0.195" tests="13" errors="0" skipped="0" failures="0">
  <properties>
[...]
</properties>
  <testcase name="runCommandsFromFile_Success{File, File}[1]" classname="hu.bme.mit.spaceship.GT4500Test" time="0.085"/>
  <testcase name="runCommandsFromFile_Success{File, File}[2]" classname="hu.bme.mit.spaceship.GT4500Test" time="0.004"/>
  <testcase name="runCommandsFromFile_Success{File, File}[3]" classname="hu.bme.mit.spaceship.GT4500Test" time="0.004"/>
  <testcase name="runCommandsFromFile_Success{File, File}[4]" classname="hu.bme.mit.spaceship.GT4500Test" time="0.003"/>
  <testcase name="runCommandsFromFile_Success{File, File}[5]" classname="hu.bme.mit.spaceship.GT4500Test" time="0.003"/>
  <testcase name="runCommandsFromFile_Success{File, File}[6]" classname="hu.bme.mit.spaceship.GT4500Test" time="0.002"/>
  <testcase name="runCommandsFromFile_Success{File, File}[7]" classname="hu.bme.mit.spaceship.GT4500Test" time="0.003"/>
  <testcase name="runCommandsFromFile_Success{File, File}[8]" classname="hu.bme.mit.spaceship.GT4500Test" time="0.001"/>
  <testcase name="runCommandsFromFile_Success{File, File}[9]" classname="hu.bme.mit.spaceship.GT4500Test" time="0.002"/>
  <testcase name="runCommandsFromFile_Success{File, File}[10]" classname="hu.bme.mit.spaceship.GT4500Test" time="0.002"/>
  <testcase name="runCommandsFromFile_Success{File, File}[11]" classname="hu.bme.mit.spaceship.GT4500Test" time="0.002"/>
  <testcase name="fireTorpedo_Single_Success" classname="hu.bme.mit.spaceship.GT4500Test" time="0.001"/>
  <testcase name="fireTorpedo_All_Success" classname="hu.bme.mit.spaceship.GT4500Test" time="0"/>
</testsuite>